#
# A fatal error has been detected by the Java Runtime Environment:
#
#  EXCEPTION_ACCESS_VIOLATION (0xc0000005) at pc=0x000000007010fc56, pid=13660, tid=12500
#
# JRE version: Java(TM) SE Runtime Environment (9.0+11) (build 9.0.1+11)
# Java VM: Java HotSpot(TM) 64-Bit Server VM (9.0.1+11, mixed mode, tiered, compressed oops, g1 gc, windows-amd64)
# Problematic frame:
# V  [jvm.dll+0x5ffc56]
#
# No core dump will be written. Minidumps are not enabled by default on client versions of Windows
#
# If you would like to submit a bug report, please visit:
#   http://bugreport.java.com/bugreport/crash.jsp
#

---------------  S U M M A R Y ------------

Command Line: -agentlib:jdwp=transport=dt_socket,suspend=y,address=localhost:51684 -Dfile.encoding=Cp1252 GridWorld

Host: AMD A12-9720P RADEON R7, 12 COMPUTE CORES 4C+8G, 4 cores, 7G,  Windows 10 , 64 bit Build 16299 (10.0.16299.15)
Time: Sun Feb 18 22:13:21 2018 Eastern Standard Time elapsed time: 933 seconds (0d 0h 15m 33s)

---------------  T H R E A D  ---------------

Current thread (0x000002c9ffc2f800):  VMThread "VM Thread" [stack: 0x000000e931900000,0x000000e931a00000] [id=12500]

Stack: [0x000000e931900000,0x000000e931a00000],  sp=0x000000e9319fe7c0,  free space=1017k
Native frames: (J=compiled Java code, j=interpreted, Vv=VM code, C=native code)
V  [jvm.dll+0x5ffc56]
V  [jvm.dll+0x2f3f83]
V  [jvm.dll+0x2f5f53]
V  [jvm.dll+0x2f654e]
V  [jvm.dll+0x2f3d05]
V  [jvm.dll+0x2f3173]
V  [jvm.dll+0x57845f]
V  [jvm.dll+0x57876c]
V  [jvm.dll+0x578613]
V  [jvm.dll+0x578e0c]
V  [jvm.dll+0x546f8a]
V  [jvm.dll+0x465261]
V  [jvm.dll+0x6a34eb]
V  [jvm.dll+0x6a1c85]
V  [jvm.dll+0x6a2461]
V  [jvm.dll+0x6a274c]
V  [jvm.dll+0x5864e0]
C  [msvcr120.dll+0x24f7f]
C  [msvcr120.dll+0x25126]
C  [KERNEL32.DLL+0x11fe4]
C  [ntdll.dll+0x6efc1]


siginfo: EXCEPTION_ACCESS_VIOLATION (0xc0000005), reading address 0x0000000000000006


Register to memory mapping:

RIP=0x000000007010fc56 jvm.dll
RAX=0x0000000000000000 is an unknown value
RBX=0x0000000000000000 is an unknown value
RCX=0x000000e9319fe820 is an unknown value
RDX=0x0000000000000000 is an unknown value
RSP=0x000000e9319fe7c0 is an unknown value
RBP=0x000000e9319fed40 is an unknown value
RSI=0x0000000000000000 is an unknown value
RDI=0x000000e9319feed0 is an unknown value
R8 =0x0000000000000000 is an unknown value
R9 =0x000002c9824038d8 is pointing into metadata
R10=0x000002c9ffd605a0 is an unknown value
R11=0x000002c9ffd60530 is an unknown value
R12=0x000000e9319ff101 is an unknown value
R13=0x0000000000000000 is an unknown value
R14=0x0000000000000001 is an unknown value
R15=0x0000000000000028 is an unknown value


Registers:
RAX=0x0000000000000000, RBX=0x0000000000000000, RCX=0x000000e9319fe820, RDX=0x0000000000000000
RSP=0x000000e9319fe7c0, RBP=0x000000e9319fed40, RSI=0x0000000000000000, RDI=0x000000e9319feed0
R8 =0x0000000000000000, R9 =0x000002c9824038d8, R10=0x000002c9ffd605a0, R11=0x000002c9ffd60530
R12=0x000000e9319ff101, R13=0x0000000000000000, R14=0x0000000000000001, R15=0x0000000000000028
RIP=0x000000007010fc56, EFLAGS=0x0000000000010206

Top of Stack: (sp=0x000000e9319fe7c0)
0x000000e9319fe7c0:   000000e9319fe820 0000000000000000
0x000000e9319fe7d0:   0000000000000000 0000000000000000
0x000000e9319fe7e0:   0000000000000000 000000006fe03f83
0x000000e9319fe7f0:   0000000000000000 000000e9319feed0
0x000000e9319fe800:   0000000000000000 0000000000000000
0x000000e9319fe810:   0000000000000000 0000000000000000
0x000000e9319fe820:   00000000702aba20 0000000000000000
0x000000e9319fe830:   0000000000000000 000000000000000e
0x000000e9319fe840:   000000e9319fe850 0000000000000000
0x000000e9319fe850:   0000000000000000 000000007010fa38
0x000000e9319fe860:   000000e94fffffff 0000000000000000
0x000000e9319fe870:   0000000000000000 0000000000000000
0x000000e9319fe880:   000000e9319fef70 000000006fe040d6
0x000000e9319fe890:   0000000000000001 000000e9319fef70
0x000000e9319fe8a0:   0000000000000000 0000000000000000
0x000000e9319fe8b0:   0000000000000000 0000000000000000 

Instructions: (pc=0x000000007010fc56)
0x000000007010fc36:   5f 00 fd fb 5f 00 cc cc cc cc 40 53 48 83 ec 20
0x000000007010fc46:   48 8b 41 08 c7 41 10 00 00 00 00 48 89 7c 24 38
0x000000007010fc56:   80 78 06 28 48 8b d9 74 22 41 b9 28 00 00 00 4c
0x000000007010fc66:   8d 05 34 0d 1e 00 48 8d 0d 3d 0d 1e 00 41 8d 51 


VM_Operation (0x000000e9324ff220): GetOrSetLocal, mode: safepoint, requested by thread 0x000002c98292b800


---------------  P R O C E S S  ---------------

Java Threads: ( => current thread )
  0x000002c982945000 JavaThread "Service Thread" daemon [_thread_blocked, id=8144, stack(0x000000e932700000,0x000000e932800000)]
  0x000002c982931800 JavaThread "JDWP Command Reader" daemon [_thread_in_native, id=7996, stack(0x000000e932600000,0x000000e932700000)]
  0x000002c98292e800 JavaThread "JDWP Event Helper Thread" daemon [_thread_blocked, id=9956, stack(0x000000e932500000,0x000000e932600000)]
  0x000002c98292b800 JavaThread "JDWP Transport Listener: dt_socket" daemon [_thread_blocked, id=3696, stack(0x000000e932400000,0x000000e932500000)]
  0x000002c9ffd23800 JavaThread "Common-Cleaner" daemon [_thread_blocked, id=11272, stack(0x000000e932300000,0x000000e932400000)]
  0x000002c9ffcd8000 JavaThread "Sweeper thread" daemon [_thread_blocked, id=13664, stack(0x000000e932200000,0x000000e932300000)]
  0x000002c9ffca0000 JavaThread "C1 CompilerThread2" daemon [_thread_blocked, id=6256, stack(0x000000e932100000,0x000000e932200000)]
  0x000002c9ffc6a800 JavaThread "C2 CompilerThread1" daemon [_thread_blocked, id=5168, stack(0x000000e932000000,0x000000e932100000)]
  0x000002c9ffc4b000 JavaThread "C2 CompilerThread0" daemon [_thread_blocked, id=10124, stack(0x000000e931f00000,0x000000e932000000)]
  0x000002c9ffc4a000 JavaThread "Attach Listener" daemon [_thread_blocked, id=10432, stack(0x000000e931e00000,0x000000e931f00000)]
  0x000002c9ffc49800 JavaThread "Signal Dispatcher" daemon [_thread_blocked, id=13740, stack(0x000000e931d00000,0x000000e931e00000)]
  0x000002c9ffc0a800 JavaThread "Finalizer" daemon [_thread_blocked, id=10972, stack(0x000000e931b00000,0x000000e931c00000)]
  0x000002c9ffc09000 JavaThread "Reference Handler" daemon [_thread_blocked, id=9176, stack(0x000000e931a00000,0x000000e931b00000)]
  0x000002c9e31be000 JavaThread "main" [_thread_blocked, id=7036, stack(0x000000e930d00000,0x000000e930e00000)]

Other Threads:
=>0x000002c9ffc2f800 VMThread "VM Thread" [stack: 0x000000e931900000,0x000000e931a00000] [id=12500]
  0x000002c982948800 WatcherThread [stack: 0x000000e932800000,0x000000e932900000] [id=10904]
  0x000002c9e31d6000 GCTaskThread "GC Thread#0" [stack: 0x000000e930e00000,0x000000e930f00000] [id=10832]
  0x000002c9e31d7800 GCTaskThread "GC Thread#1" [stack: 0x000000e930f00000,0x000000e931000000] [id=11536]
  0x000002c9e31da000 GCTaskThread "GC Thread#2" [stack: 0x000000e931000000,0x000000e931100000] [id=6548]
  0x000002c9e31e0000 GCTaskThread "GC Thread#3" [stack: 0x000000e931100000,0x000000e931200000] [id=10328]
  0x000002c9e3256000 ConcurrentGCThread "G1 Main Marker" [stack: 0x000000e931700000,0x000000e931800000] [id=8684]
  0x000002c9e3256800 ConcurrentGCThread "G1 Marker#0" [stack: 0x000000e931800000,0x000000e931900000] [id=13716]
  0x000002c9e31f0800 ConcurrentGCThread "G1 Refine#0" [stack: 0x000000e931500000,0x000000e931600000] [id=4508]
  0x000002c9e31ee000 ConcurrentGCThread "G1 Refine#1" [stack: 0x000000e931400000,0x000000e931500000] [id=7988]
  0x000002c9e31e8000 ConcurrentGCThread "G1 Refine#2" [stack: 0x000000e931300000,0x000000e931400000] [id=6892]
  0x000002c9e31e4000 ConcurrentGCThread "G1 Refine#3" [stack: 0x000000e931200000,0x000000e931300000] [id=5100]
  0x000002c9e31f2800 ConcurrentGCThread "G1 Young RemSet Sampling" [stack: 0x000000e931600000,0x000000e931700000] [id=1284]

Threads with active compile tasks:

VM state:at safepoint (normal execution)

VM Mutex/Monitor currently owned by a thread:  ([mutex/lock_event])
[0x000002c9e31bc0c0] Threads_lock - owner thread: 0x000002c9ffc2f800

Heap address: 0x0000000089c00000, size: 1892 MB, Compressed Oops mode: 32-bit
Narrow klass base: 0x0000000000000000, Narrow klass shift: 3
Compressed class space size: 1073741824 Address: 0x0000000100000000

Heap:
 garbage-first heap   total 122880K, used 4096K [0x0000000089c00000, 0x0000000089d003c0, 0x0000000100000000)
  region size 1024K, 5 young (5120K), 0 survivors (0K)
 Metaspace       used 3712K, capacity 4566K, committed 4864K, reserved 1056768K
  class space    used 373K, capacity 390K, committed 512K, reserved 1048576K
Heap Regions: E=young(eden), S=young(survivor), O=old, HS=humongous(starts), HC=humongous(continues), CS=collection set, F=free, A=archive, TS=gc time stamp, AC=allocation context, TAMS=top-at-mark-start (previous, next)
|   0|0x0000000089c00000, 0x0000000089c00000, 0x0000000089d00000|  0%| F|  |TS  0|AC  0|TAMS 0x0000000089c00000, 0x0000000089c00000|
|   1|0x0000000089d00000, 0x0000000089d00000, 0x0000000089e00000|  0%| F|  |TS  0|AC  0|TAMS 0x0000000089d00000, 0x0000000089d00000|
|   2|0x0000000089e00000, 0x0000000089e00000, 0x0000000089f00000|  0%| F|  |TS  0|AC  0|TAMS 0x0000000089e00000, 0x0000000089e00000|
|   3|0x0000000089f00000, 0x0000000089f00000, 0x000000008a000000|  0%| F|  |TS  0|AC  0|TAMS 0x0000000089f00000, 0x0000000089f00000|
|   4|0x000000008a000000, 0x000000008a000000, 0x000000008a100000|  0%| F|  |TS  0|AC  0|TAMS 0x000000008a000000, 0x000000008a000000|
|   5|0x000000008a100000, 0x000000008a100000, 0x000000008a200000|  0%| F|  |TS  0|AC  0|TAMS 0x000000008a100000, 0x000000008a100000|
|   6|0x000000008a200000, 0x000000008a200000, 0x000000008a300000|  0%| F|  |TS  0|AC  0|TAMS 0x000000008a200000, 0x000000008a200000|
|   7|0x000000008a300000, 0x000000008a300000, 0x000000008a400000|  0%| F|  |TS  0|AC  0|TAMS 0x000000008a300000, 0x000000008a300000|
|   8|0x000000008a400000, 0x000000008a400000, 0x000000008a500000|  0%| F|  |TS  0|AC  0|TAMS 0x000000008a400000, 0x000000008a400000|
|   9|0x000000008a500000, 0x000000008a500000, 0x000000008a600000|  0%| F|  |TS  0|AC  0|TAMS 0x000000008a500000, 0x000000008a500000|
|  10|0x000000008a600000, 0x000000008a600000, 0x000000008a700000|  0%| F|  |TS  0|AC  0|TAMS 0x000000008a600000, 0x000000008a600000|
|  11|0x000000008a700000, 0x000000008a700000, 0x000000008a800000|  0%| F|  |TS  0|AC  0|TAMS 0x000000008a700000, 0x000000008a700000|
|  12|0x000000008a800000, 0x000000008a800000, 0x000000008a900000|  0%| F|  |TS  0|AC  0|TAMS 0x000000008a800000, 0x000000008a800000|
|  13|0x000000008a900000, 0x000000008a900000, 0x000000008aa00000|  0%| F|  |TS  0|AC  0|TAMS 0x000000008a900000, 0x000000008a900000|
|  14|0x000000008aa00000, 0x000000008aa00000, 0x000000008ab00000|  0%| F|  |TS  0|AC  0|TAMS 0x000000008aa00000, 0x000000008aa00000|
|  15|0x000000008ab00000, 0x000000008ab00000, 0x000000008ac00000|  0%| F|  |TS  0|AC  0|TAMS 0x000000008ab00000, 0x000000008ab00000|
|  16|0x000000008ac00000, 0x000000008ac00000, 0x000000008ad00000|  0%| F|  |TS  0|AC  0|TAMS 0x000000008ac00000, 0x000000008ac00000|
|  17|0x000000008ad00000, 0x000000008ad00000, 0x000000008ae00000|  0%| F|  |TS  0|AC  0|TAMS 0x000000008ad00000, 0x000000008ad00000|
|  18|0x000000008ae00000, 0x000000008ae00000, 0x000000008af00000|  0%| F|  |TS  0|AC  0|TAMS 0x000000008ae00000, 0x000000008ae00000|
|  19|0x000000008af00000, 0x000000008af00000, 0x000000008b000000|  0%| F|  |TS  0|AC  0|TAMS 0x000000008af00000, 0x000000008af00000|
|  20|0x000000008b000000, 0x000000008b000000, 0x000000008b100000|  0%| F|  |TS  0|AC  0|TAMS 0x000000008b000000, 0x000000008b000000|
|  21|0x000000008b100000, 0x000000008b100000, 0x000000008b200000|  0%| F|  |TS  0|AC  0|TAMS 0x000000008b100000, 0x000000008b100000|
|  22|0x000000008b200000, 0x000000008b200000, 0x000000008b300000|  0%| F|  |TS  0|AC  0|TAMS 0x000000008b200000, 0x000000008b200000|
|  23|0x000000008b300000, 0x000000008b300000, 0x000000008b400000|  0%| F|  |TS  0|AC  0|TAMS 0x000000008b300000, 0x000000008b300000|
|  24|0x000000008b400000, 0x000000008b400000, 0x000000008b500000|  0%| F|  |TS  0|AC  0|TAMS 0x000000008b400000, 0x000000008b400000|
|  25|0x000000008b500000, 0x000000008b500000, 0x000000008b600000|  0%| F|  |TS  0|AC  0|TAMS 0x000000008b500000, 0x000000008b500000|
|  26|0x000000008b600000, 0x000000008b600000, 0x000000008b700000|  0%| F|  |TS  0|AC  0|TAMS 0x000000008b600000, 0x000000008b600000|
|  27|0x000000008b700000, 0x000000008b700000, 0x000000008b800000|  0%| F|  |TS  0|AC  0|TAMS 0x000000008b700000, 0x000000008b700000|
|  28|0x000000008b800000, 0x000000008b800000, 0x000000008b900000|  0%| F|  |TS  0|AC  0|TAMS 0x000000008b800000, 0x000000008b800000|
|  29|0x000000008b900000, 0x000000008b900000, 0x000000008ba00000|  0%| F|  |TS  0|AC  0|TAMS 0x000000008b900000, 0x000000008b900000|
|  30|0x000000008ba00000, 0x000000008ba00000, 0x000000008bb00000|  0%| F|  |TS  0|AC  0|TAMS 0x000000008ba00000, 0x000000008ba00000|
|  31|0x000000008bb00000, 0x000000008bb00000, 0x000000008bc00000|  0%| F|  |TS  0|AC  0|TAMS 0x000000008bb00000, 0x000000008bb00000|
|  32|0x000000008bc00000, 0x000000008bc00000, 0x000000008bd00000|  0%| F|  |TS  0|AC  0|TAMS 0x000000008bc00000, 0x000000008bc00000|
|  33|0x000000008bd00000, 0x000000008bd00000, 0x000000008be00000|  0%| F|  |TS  0|AC  0|TAMS 0x000000008bd00000, 0x000000008bd00000|
|  34|0x000000008be00000, 0x000000008be00000, 0x000000008bf00000|  0%| F|  |TS  0|AC  0|TAMS 0x000000008be00000, 0x000000008be00000|
|  35|0x000000008bf00000, 0x000000008bf00000, 0x000000008c000000|  0%| F|  |TS  0|AC  0|TAMS 0x000000008bf00000, 0x000000008bf00000|
|  36|0x000000008c000000, 0x000000008c000000, 0x000000008c100000|  0%| F|  |TS  0|AC  0|TAMS 0x000000008c000000, 0x000000008c000000|
|  37|0x000000008c100000, 0x000000008c100000, 0x000000008c200000|  0%| F|  |TS  0|AC  0|TAMS 0x000000008c100000, 0x000000008c100000|
|  38|0x000000008c200000, 0x000000008c200000, 0x000000008c300000|  0%| F|  |TS  0|AC  0|TAMS 0x000000008c200000, 0x000000008c200000|
|  39|0x000000008c300000, 0x000000008c300000, 0x000000008c400000|  0%| F|  |TS  0|AC  0|TAMS 0x000000008c300000, 0x000000008c300000|
|  40|0x000000008c400000, 0x000000008c400000, 0x000000008c500000|  0%| F|  |TS  0|AC  0|TAMS 0x000000008c400000, 0x000000008c400000|
|  41|0x000000008c500000, 0x000000008c500000, 0x000000008c600000|  0%| F|  |TS  0|AC  0|TAMS 0x000000008c500000, 0x000000008c500000|
|  42|0x000000008c600000, 0x000000008c600000, 0x000000008c700000|  0%| F|  |TS  0|AC  0|TAMS 0x000000008c600000, 0x000000008c600000|
|  43|0x000000008c700000, 0x000000008c700000, 0x000000008c800000|  0%| F|  |TS  0|AC  0|TAMS 0x000000008c700000, 0x000000008c700000|
|  44|0x000000008c800000, 0x000000008c800000, 0x000000008c900000|  0%| F|  |TS  0|AC  0|TAMS 0x000000008c800000, 0x000000008c800000|
|  45|0x000000008c900000, 0x000000008c900000, 0x000000008ca00000|  0%| F|  |TS  0|AC  0|TAMS 0x000000008c900000, 0x000000008c900000|
|  46|0x000000008ca00000, 0x000000008ca00000, 0x000000008cb00000|  0%| F|  |TS  0|AC  0|TAMS 0x000000008ca00000, 0x000000008ca00000|
|  47|0x000000008cb00000, 0x000000008cb00000, 0x000000008cc00000|  0%| F|  |TS  0|AC  0|TAMS 0x000000008cb00000, 0x000000008cb00000|
|  48|0x000000008cc00000, 0x000000008cc00000, 0x000000008cd00000|  0%| F|  |TS  0|AC  0|TAMS 0x000000008cc00000, 0x000000008cc00000|
|  49|0x000000008cd00000, 0x000000008cd00000, 0x000000008ce00000|  0%| F|  |TS  0|AC  0|TAMS 0x000000008cd00000, 0x000000008cd00000|
|  50|0x000000008ce00000, 0x000000008ce00000, 0x000000008cf00000|  0%| F|  |TS  0|AC  0|TAMS 0x000000008ce00000, 0x000000008ce00000|
|  51|0x000000008cf00000, 0x000000008cf00000, 0x000000008d000000|  0%| F|  |TS  0|AC  0|TAMS 0x000000008cf00000, 0x000000008cf00000|
|  52|0x000000008d000000, 0x000000008d000000, 0x000000008d100000|  0%| F|  |TS  0|AC  0|TAMS 0x000000008d000000, 0x000000008d000000|
|  53|0x000000008d100000, 0x000000008d100000, 0x000000008d200000|  0%| F|  |TS  0|AC  0|TAMS 0x000000008d100000, 0x000000008d100000|
|  54|0x000000008d200000, 0x000000008d200000, 0x000000008d300000|  0%| F|  |TS  0|AC  0|TAMS 0x000000008d200000, 0x000000008d200000|
|  55|0x000000008d300000, 0x000000008d300000, 0x000000008d400000|  0%| F|  |TS  0|AC  0|TAMS 0x000000008d300000, 0x000000008d300000|
|  56|0x000000008d400000, 0x000000008d400000, 0x000000008d500000|  0%| F|  |TS  0|AC  0|TAMS 0x000000008d400000, 0x000000008d400000|
|  57|0x000000008d500000, 0x000000008d500000, 0x000000008d600000|  0%| F|  |TS  0|AC  0|TAMS 0x000000008d500000, 0x000000008d500000|
|  58|0x000000008d600000, 0x000000008d600000, 0x000000008d700000|  0%| F|  |TS  0|AC  0|TAMS 0x000000008d600000, 0x000000008d600000|
|  59|0x000000008d700000, 0x000000008d700000, 0x000000008d800000|  0%| F|  |TS  0|AC  0|TAMS 0x000000008d700000, 0x000000008d700000|
|  60|0x000000008d800000, 0x000000008d800000, 0x000000008d900000|  0%| F|  |TS  0|AC  0|TAMS 0x000000008d800000, 0x000000008d800000|
|  61|0x000000008d900000, 0x000000008d900000, 0x000000008da00000|  0%| F|  |TS  0|AC  0|TAMS 0x000000008d900000, 0x000000008d900000|
|  62|0x000000008da00000, 0x000000008da00000, 0x000000008db00000|  0%| F|  |TS  0|AC  0|TAMS 0x000000008da00000, 0x000000008da00000|
|  63|0x000000008db00000, 0x000000008db00000, 0x000000008dc00000|  0%| F|  |TS  0|AC  0|TAMS 0x000000008db00000, 0x000000008db00000|
|  64|0x000000008dc00000, 0x000000008dc00000, 0x000000008dd00000|  0%| F|  |TS  0|AC  0|TAMS 0x000000008dc00000, 0x000000008dc00000|
|  65|0x000000008dd00000, 0x000000008dd00000, 0x000000008de00000|  0%| F|  |TS  0|AC  0|TAMS 0x000000008dd00000, 0x000000008dd00000|
|  66|0x000000008de00000, 0x000000008de00000, 0x000000008df00000|  0%| F|  |TS  0|AC  0|TAMS 0x000000008de00000, 0x000000008de00000|
|  67|0x000000008df00000, 0x000000008df00000, 0x000000008e000000|  0%| F|  |TS  0|AC  0|TAMS 0x000000008df00000, 0x000000008df00000|
|  68|0x000000008e000000, 0x000000008e000000, 0x000000008e100000|  0%| F|  |TS  0|AC  0|TAMS 0x000000008e000000, 0x000000008e000000|
|  69|0x000000008e100000, 0x000000008e100000, 0x000000008e200000|  0%| F|  |TS  0|AC  0|TAMS 0x000000008e100000, 0x000000008e100000|
|  70|0x000000008e200000, 0x000000008e200000, 0x000000008e300000|  0%| F|  |TS  0|AC  0|TAMS 0x000000008e200000, 0x000000008e200000|
|  71|0x000000008e300000, 0x000000008e300000, 0x000000008e400000|  0%| F|  |TS  0|AC  0|TAMS 0x000000008e300000, 0x000000008e300000|
|  72|0x000000008e400000, 0x000000008e400000, 0x000000008e500000|  0%| F|  |TS  0|AC  0|TAMS 0x000000008e400000, 0x000000008e400000|
|  73|0x000000008e500000, 0x000000008e500000, 0x000000008e600000|  0%| F|  |TS  0|AC  0|TAMS 0x000000008e500000, 0x000000008e500000|
|  74|0x000000008e600000, 0x000000008e600000, 0x000000008e700000|  0%| F|  |TS  0|AC  0|TAMS 0x000000008e600000, 0x000000008e600000|
|  75|0x000000008e700000, 0x000000008e700000, 0x000000008e800000|  0%| F|  |TS  0|AC  0|TAMS 0x000000008e700000, 0x000000008e700000|
|  76|0x000000008e800000, 0x000000008e800000, 0x000000008e900000|  0%| F|  |TS  0|AC  0|TAMS 0x000000008e800000, 0x000000008e800000|
|  77|0x000000008e900000, 0x000000008e900000, 0x000000008ea00000|  0%| F|  |TS  0|AC  0|TAMS 0x000000008e900000, 0x000000008e900000|
|  78|0x000000008ea00000, 0x000000008ea00000, 0x000000008eb00000|  0%| F|  |TS  0|AC  0|TAMS 0x000000008ea00000, 0x000000008ea00000|
|  79|0x000000008eb00000, 0x000000008eb00000, 0x000000008ec00000|  0%| F|  |TS  0|AC  0|TAMS 0x000000008eb00000, 0x000000008eb00000|
|  80|0x000000008ec00000, 0x000000008ec00000, 0x000000008ed00000|  0%| F|  |TS  0|AC  0|TAMS 0x000000008ec00000, 0x000000008ec00000|
|  81|0x000000008ed00000, 0x000000008ed00000, 0x000000008ee00000|  0%| F|  |TS  0|AC  0|TAMS 0x000000008ed00000, 0x000000008ed00000|
|  82|0x000000008ee00000, 0x000000008ee00000, 0x000000008ef00000|  0%| F|  |TS  0|AC  0|TAMS 0x000000008ee00000, 0x000000008ee00000|
|  83|0x000000008ef00000, 0x000000008ef00000, 0x000000008f000000|  0%| F|  |TS  0|AC  0|TAMS 0x000000008ef00000, 0x000000008ef00000|
|  84|0x000000008f000000, 0x000000008f000000, 0x000000008f100000|  0%| F|  |TS  0|AC  0|TAMS 0x000000008f000000, 0x000000008f000000|
|  85|0x000000008f100000, 0x000000008f100000, 0x000000008f200000|  0%| F|  |TS  0|AC  0|TAMS 0x000000008f100000, 0x000000008f100000|
|  86|0x000000008f200000, 0x000000008f200000, 0x000000008f300000|  0%| F|  |TS  0|AC  0|TAMS 0x000000008f200000, 0x000000008f200000|
|  87|0x000000008f300000, 0x000000008f300000, 0x000000008f400000|  0%| F|  |TS  0|AC  0|TAMS 0x000000008f300000, 0x000000008f300000|
|  88|0x000000008f400000, 0x000000008f400000, 0x000000008f500000|  0%| F|  |TS  0|AC  0|TAMS 0x000000008f400000, 0x000000008f400000|
|  89|0x000000008f500000, 0x000000008f500000, 0x000000008f600000|  0%| F|  |TS  0|AC  0|TAMS 0x000000008f500000, 0x000000008f500000|
|  90|0x000000008f600000, 0x000000008f600000, 0x000000008f700000|  0%| F|  |TS  0|AC  0|TAMS 0x000000008f600000, 0x000000008f600000|
|  91|0x000000008f700000, 0x000000008f700000, 0x000000008f800000|  0%| F|  |TS  0|AC  0|TAMS 0x000000008f700000, 0x000000008f700000|
|  92|0x000000008f800000, 0x000000008f800000, 0x000000008f900000|  0%| F|  |TS  0|AC  0|TAMS 0x000000008f800000, 0x000000008f800000|
|  93|0x000000008f900000, 0x000000008f900000, 0x000000008fa00000|  0%| F|  |TS  0|AC  0|TAMS 0x000000008f900000, 0x000000008f900000|
|  94|0x000000008fa00000, 0x000000008fa00000, 0x000000008fb00000|  0%| F|  |TS  0|AC  0|TAMS 0x000000008fa00000, 0x000000008fa00000|
|  95|0x000000008fb00000, 0x000000008fb00000, 0x000000008fc00000|  0%| F|  |TS  0|AC  0|TAMS 0x000000008fb00000, 0x000000008fb00000|
|  96|0x000000008fc00000, 0x000000008fc00000, 0x000000008fd00000|  0%| F|  |TS  0|AC  0|TAMS 0x000000008fc00000, 0x000000008fc00000|
|  97|0x000000008fd00000, 0x000000008fd00000, 0x000000008fe00000|  0%| F|  |TS  0|AC  0|TAMS 0x000000008fd00000, 0x000000008fd00000|
|  98|0x000000008fe00000, 0x000000008fe00000, 0x000000008ff00000|  0%| F|  |TS  0|AC  0|TAMS 0x000000008fe00000, 0x000000008fe00000|
|  99|0x000000008ff00000, 0x000000008ff00000, 0x0000000090000000|  0%| F|  |TS  0|AC  0|TAMS 0x000000008ff00000, 0x000000008ff00000|
| 100|0x0000000090000000, 0x0000000090000000, 0x0000000090100000|  0%| F|  |TS  0|AC  0|TAMS 0x0000000090000000, 0x0000000090000000|
| 101|0x0000000090100000, 0x0000000090100000, 0x0000000090200000|  0%| F|  |TS  0|AC  0|TAMS 0x0000000090100000, 0x0000000090100000|
| 102|0x0000000090200000, 0x0000000090200000, 0x0000000090300000|  0%| F|  |TS  0|AC  0|TAMS 0x0000000090200000, 0x0000000090200000|
| 103|0x0000000090300000, 0x0000000090300000, 0x0000000090400000|  0%| F|  |TS  0|AC  0|TAMS 0x0000000090300000, 0x0000000090300000|
| 104|0x0000000090400000, 0x0000000090400000, 0x0000000090500000|  0%| F|  |TS  0|AC  0|TAMS 0x0000000090400000, 0x0000000090400000|
| 105|0x0000000090500000, 0x0000000090500000, 0x0000000090600000|  0%| F|  |TS  0|AC  0|TAMS 0x0000000090500000, 0x0000000090500000|
| 106|0x0000000090600000, 0x0000000090600000, 0x0000000090700000|  0%| F|  |TS  0|AC  0|TAMS 0x0000000090600000, 0x0000000090600000|
| 107|0x0000000090700000, 0x0000000090700000, 0x0000000090800000|  0%| F|  |TS  0|AC  0|TAMS 0x0000000090700000, 0x0000000090700000|
| 108|0x0000000090800000, 0x0000000090800000, 0x0000000090900000|  0%| F|  |TS  0|AC  0|TAMS 0x0000000090800000, 0x0000000090800000|
| 109|0x0000000090900000, 0x0000000090900000, 0x0000000090a00000|  0%| F|  |TS  0|AC  0|TAMS 0x0000000090900000, 0x0000000090900000|
| 110|0x0000000090a00000, 0x0000000090a00000, 0x0000000090b00000|  0%| F|  |TS  0|AC  0|TAMS 0x0000000090a00000, 0x0000000090a00000|
| 111|0x0000000090b00000, 0x0000000090b00000, 0x0000000090c00000|  0%| F|  |TS  0|AC  0|TAMS 0x0000000090b00000, 0x0000000090b00000|
| 112|0x0000000090c00000, 0x0000000090c00000, 0x0000000090d00000|  0%| F|  |TS  0|AC  0|TAMS 0x0000000090c00000, 0x0000000090c00000|
| 113|0x0000000090d00000, 0x0000000090d00000, 0x0000000090e00000|  0%| F|  |TS  0|AC  0|TAMS 0x0000000090d00000, 0x0000000090d00000|
| 114|0x0000000090e00000, 0x0000000090e00000, 0x0000000090f00000|  0%| F|  |TS  0|AC  0|TAMS 0x0000000090e00000, 0x0000000090e00000|
| 115|0x0000000090f00000, 0x0000000090f48308, 0x0000000091000000| 28%| E|  |TS  0|AC  0|TAMS 0x0000000090f00000, 0x0000000090f00000|
| 116|0x0000000091000000, 0x0000000091100000, 0x0000000091100000|100%| E|CS|TS  0|AC  0|TAMS 0x0000000091000000, 0x0000000091000000|
| 117|0x0000000091100000, 0x0000000091200000, 0x0000000091200000|100%| E|CS|TS  0|AC  0|TAMS 0x0000000091100000, 0x0000000091100000|
| 118|0x0000000091200000, 0x0000000091300000, 0x0000000091300000|100%| E|CS|TS  0|AC  0|TAMS 0x0000000091200000, 0x0000000091200000|
| 119|0x0000000091300000, 0x0000000091400000, 0x0000000091400000|100%| E|CS|TS  0|AC  0|TAMS 0x0000000091300000, 0x0000000091300000|

Card table byte_map: [0x000002c9fb300000,0x000002c9fb6c0000] byte_map_base: 0x000002c9faeb2000

Marking Bits (Prev, Next): (CMBitMap*) 0x000002c9e3254300, (CMBitMap*) 0x000002c9e3254338
 Prev Bits: [0x000002c9fba80000, 0x000002c9fd810000)
 Next Bits: [0x000002c9fd810000, 0x000002c9ff5a0000)

Polling page: 0x000002c9e0f80000

CodeHeap 'non-profiled nmethods': size=120064Kb used=39Kb max_used=39Kb free=120024Kb
 bounds [0x000002c9f3020000, 0x000002c9f3290000, 0x000002c9fa560000]
CodeHeap 'profiled nmethods': size=120000Kb used=162Kb max_used=162Kb free=119837Kb
 bounds [0x000002c9ebaf0000, 0x000002c9ebd60000, 0x000002c9f3020000]
CodeHeap 'non-nmethods': size=5696Kb used=1148Kb max_used=1158Kb free=4547Kb
 bounds [0x000002c9eb560000, 0x000002c9eb7d0000, 0x000002c9ebaf0000]
 total_blobs=446 nmethods=129 adapters=178
 compilation: enabled

Compilation events (10 events):
Event: 0.349 Thread 0x000002c9ffca0000  125       3       sun.nio.fs.WindowsPathParser::isSlash (18 bytes)
Event: 0.350 Thread 0x000002c9ffca0000 nmethod 125 0x000002c9ebb17f90 code [0x000002c9ebb18140, 0x000002c9ebb18318]
Event: 0.363 Thread 0x000002c9ffca0000  126       3       cell::<init> (48 bytes)
Event: 0.363 Thread 0x000002c9ffca0000 nmethod 126 0x000002c9ebb18390 code [0x000002c9ebb18540, 0x000002c9ebb18758]
Event: 0.363 Thread 0x000002c9ffca0000  127       3       cell::setCellCoordinates (11 bytes)
Event: 0.363 Thread 0x000002c9ffca0000 nmethod 127 0x000002c9ebb18810 code [0x000002c9ebb189c0, 0x000002c9ebb18b18]
Event: 0.363 Thread 0x000002c9ffca0000  128       1       cell::setCellCoordinates (11 bytes)
Event: 0.363 Thread 0x000002c9ffca0000 nmethod 128 0x000002c9f3029690 code [0x000002c9f3029840, 0x000002c9f3029958]
Event: 0.364 Thread 0x000002c9ffc6a800  129       4       cell::<init> (48 bytes)
Event: 0.365 Thread 0x000002c9ffc6a800 nmethod 129 0x000002c9f3029a10 code [0x000002c9f3029ba0, 0x000002c9f3029c78]

GC Heap History (0 events):
No events

Deoptimization events (0 events):
No events

Classes redefined (6 events):
Event: 100.258 Thread 0x000002c9ffc2f800 redefined class name=GridWorld, count=1
Event: 189.353 Thread 0x000002c9ffc2f800 redefined class name=GridWorld, count=2
Event: 295.057 Thread 0x000002c9ffc2f800 redefined class name=GridWorld, count=3
Event: 575.648 Thread 0x000002c9ffc2f800 redefined class name=GridWorld, count=4
Event: 683.655 Thread 0x000002c9ffc2f800 redefined class name=GridWorld, count=5
Event: 803.400 Thread 0x000002c9ffc2f800 redefined class name=GridWorld, count=6

Internal exceptions (0 events):
No events

Events (10 events):
Event: 803.419 Executing VM operation: GetFrameLocation done
Event: 803.419 Executing VM operation: GetFrameLocation
Event: 803.419 Executing VM operation: GetFrameLocation done
Event: 803.427 Executing VM operation: GetFrameCount
Event: 803.428 Executing VM operation: GetFrameCount done
Event: 803.428 Executing VM operation: GetOwnedMonitorInfo
Event: 803.428 Executing VM operation: GetOwnedMonitorInfo done
Event: 803.428 Executing VM operation: GetCurrentContendedMonitor
Event: 803.428 Executing VM operation: GetCurrentContendedMonitor done
Event: 933.863 Executing VM operation: GetOrSetLocal


Dynamic libraries:
0x00007ff79ad10000 - 0x00007ff79ad4e000 	C:\Program Files\Java\jre-9.0.1\bin\javaw.exe
0x00007fff06180000 - 0x00007fff06360000 	C:\WINDOWS\SYSTEM32\ntdll.dll
0x00007fff03c30000 - 0x00007fff03cde000 	C:\WINDOWS\System32\KERNEL32.DLL
0x00007fff028a0000 - 0x00007fff02b06000 	C:\WINDOWS\System32\KERNELBASE.dll
0x00007fff05e90000 - 0x00007fff05f31000 	C:\WINDOWS\System32\ADVAPI32.dll
0x00007fff03d50000 - 0x00007fff03ded000 	C:\WINDOWS\System32\msvcrt.dll
0x00007fff05a10000 - 0x00007fff05a6b000 	C:\WINDOWS\System32\sechost.dll
0x00007fff05a70000 - 0x00007fff05b8f000 	C:\WINDOWS\System32\RPCRT4.dll
0x00007fff05f40000 - 0x00007fff060cf000 	C:\WINDOWS\System32\USER32.dll
0x00007fff02b60000 - 0x00007fff02b80000 	C:\WINDOWS\System32\win32u.dll
0x00007fff05b90000 - 0x00007fff05bb8000 	C:\WINDOWS\System32\GDI32.dll
0x00007fff02700000 - 0x00007fff02893000 	C:\WINDOWS\System32\gdi32full.dll
0x00007fff03550000 - 0x00007fff035eb000 	C:\WINDOWS\System32\msvcp_win.dll
0x00007fff02600000 - 0x00007fff026f6000 	C:\WINDOWS\System32\ucrtbase.dll
0x00007ffef8d50000 - 0x00007ffef8fb9000 	C:\WINDOWS\WinSxS\amd64_microsoft.windows.common-controls_6595b64144ccf1df_6.0.16299.248_none_15ced204935f55d7\COMCTL32.dll
0x00007fff03810000 - 0x00007fff03b18000 	C:\WINDOWS\System32\combase.dll
0x00007fff02580000 - 0x00007fff025f2000 	C:\WINDOWS\System32\bcryptPrimitives.dll
0x00007ffef9880000 - 0x00007ffef988a000 	C:\WINDOWS\SYSTEM32\VERSION.dll
0x00007fff05890000 - 0x00007fff058bd000 	C:\WINDOWS\System32\IMM32.DLL
0x00007ffee8d10000 - 0x00007ffee8dff000 	C:\Program Files\Java\jre-9.0.1\bin\msvcr120.dll
0x00007ffeeab90000 - 0x00007ffeeac36000 	C:\Program Files\Java\jre-9.0.1\bin\msvcp120.dll
0x000000006fb10000 - 0x0000000070534000 	C:\Program Files\Java\jre-9.0.1\bin\server\jvm.dll
0x00007fff05e80000 - 0x00007fff05e88000 	C:\WINDOWS\System32\PSAPI.DLL
0x00007ffef3140000 - 0x00007ffef3163000 	C:\WINDOWS\SYSTEM32\WINMM.dll
0x00007ffef0d00000 - 0x00007ffef0d09000 	C:\WINDOWS\SYSTEM32\WSOCK32.dll
0x00007ffef3110000 - 0x00007ffef313a000 	C:\WINDOWS\SYSTEM32\WINMMBASE.dll
0x00007fff05820000 - 0x00007fff0588c000 	C:\WINDOWS\System32\WS2_32.dll
0x00007fff02b10000 - 0x00007fff02b5a000 	C:\WINDOWS\System32\cfgmgr32.dll
0x00007ffef0cf0000 - 0x00007ffef0cff000 	C:\Program Files\Java\jre-9.0.1\bin\verify.dll
0x00007ffef0cc0000 - 0x00007ffef0ce7000 	C:\Program Files\Java\jre-9.0.1\bin\java.dll
0x00007ffefe160000 - 0x00007ffefe196000 	C:\Program Files\Java\jre-9.0.1\bin\jdwp.dll
0x00007ffef1210000 - 0x00007ffef1226000 	C:\Program Files\Java\jre-9.0.1\bin\zip.dll
0x00007ffef1200000 - 0x00007ffef120a000 	C:\Program Files\Java\jre-9.0.1\bin\jimage.dll
0x00007fff043e0000 - 0x00007fff05816000 	C:\WINDOWS\System32\SHELL32.dll
0x00007fff03650000 - 0x00007fff036f6000 	C:\WINDOWS\System32\shcore.dll
0x00007fff02b80000 - 0x00007fff032c7000 	C:\WINDOWS\System32\windows.storage.dll
0x00007fff05bc0000 - 0x00007fff05c11000 	C:\WINDOWS\System32\shlwapi.dll
0x00007fff02520000 - 0x00007fff02531000 	C:\WINDOWS\System32\kernel.appcore.dll
0x00007fff024d0000 - 0x00007fff0251c000 	C:\WINDOWS\System32\powrprof.dll
0x00007fff02540000 - 0x00007fff0255b000 	C:\WINDOWS\System32\profapi.dll
0x00007ffef0c00000 - 0x00007ffef0c1a000 	C:\Program Files\Java\jre-9.0.1\bin\net.dll
0x00007ffefea20000 - 0x00007ffefeafe000 	C:\WINDOWS\SYSTEM32\WINHTTP.dll
0x00007fff01d00000 - 0x00007fff01d66000 	C:\WINDOWS\system32\mswsock.dll
0x00007ffef0be0000 - 0x00007ffef0bf1000 	C:\Program Files\Java\jre-9.0.1\bin\nio.dll
0x00007ffeff280000 - 0x00007ffeff28a000 	C:\Program Files\Java\jre-9.0.1\bin\dt_socket.dll
0x00007fff01ad0000 - 0x00007fff01b86000 	C:\WINDOWS\SYSTEM32\DNSAPI.dll
0x00007fff03bc0000 - 0x00007fff03bc8000 	C:\WINDOWS\System32\NSI.dll
0x00007fff01a90000 - 0x00007fff01ac9000 	C:\WINDOWS\SYSTEM32\IPHLPAPI.DLL
0x00007ffefb5b0000 - 0x00007ffefb620000 	C:\WINDOWS\System32\fwpuclnt.dll
0x00007fff01fd0000 - 0x00007fff01ff5000 	C:\WINDOWS\SYSTEM32\bcrypt.dll
0x00007ffefa960000 - 0x00007ffefa96a000 	C:\Windows\System32\rasadhlp.dll
0x00007ffefbea0000 - 0x00007ffefc068000 	C:\WINDOWS\SYSTEM32\dbghelp.dll

VM Arguments:
jvm_args: -agentlib:jdwp=transport=dt_socket,suspend=y,address=localhost:51684 -Dfile.encoding=Cp1252 
java_command: GridWorld
java_class_path (initial): C:\Users\10mva\git\CS440-Assignment-1\bin
Launcher Type: SUN_STANDARD

Logging:
Log output configuration:
#0: stdout all=warning uptime,level,tags
#1: stderr all=off uptime,level,tags

Environment Variables:
PATH=C:\ProgramData\Oracle\Java\javapath;C:\WINDOWS\system32;C:\WINDOWS;C:\WINDOWS\System32\Wbem;C:\WINDOWS\System32\WindowsPowerShell\v1.0\;C:\Program Files\nodejs\;C:\Program Files\MySQL\MySQL Utilities 1.6\;C:\Users\10mva\AppData\Local\Programs\Python\Python36-32\Scripts\;C:\Users\10mva\AppData\Local\Programs\Python\Python36-32\;C:\Users\10mva\AppData\Local\Microsoft\WindowsApps;C:\Users\10mva\AppData\Roaming\npm;
USERNAME=10mva
OS=Windows_NT
PROCESSOR_IDENTIFIER=AMD64 Family 21 Model 101 Stepping 1, AuthenticAMD



---------------  S Y S T E M  ---------------

OS: Windows 10 , 64 bit Build 16299 (10.0.16299.15)

CPU:total 4 (initial active 4) (4 cores per cpu, 1 threads per core) family 21 model 101 stepping 1, cmov, cx8, fxsr, mmx, sse, sse2, sse3, ssse3, sse4.1, sse4.2, popcnt, avx, avx2, aes, clmul, mmxext, 3dnowpref, lzcnt, sse4a, tsc, tscinvbit, tscinv, bmi1

Memory: 4k page, physical 7749608k(2798236k free), swap 8994792k(1488852k free)

vm_info: Java HotSpot(TM) 64-Bit Server VM (9.0.1+11) for windows-amd64 JRE (9.0.1+11), built on Sep 28 2017 04:54:03 by "mach5one" with MS VC++ 12.0 (VS2013)

END.
